2020-01-15 16:26:49.771  INFO 5729 --- [main] c.w.s.SendThirdPlatformApplication       : Starting SendThirdPlatformApplication on liujundeMacBook-Pro.local with PID 5729 (/Users/liujun/code/java/send-third-platform/target/classes started by liujun in /Users/liujun/code/java/send-third-platform)
2020-01-15 16:26:49.788  INFO 5729 --- [main] c.w.s.SendThirdPlatformApplication       : No active profile set, falling back to default profiles: default
2020-01-15 16:26:50.404  INFO 5729 --- [main] faultConfiguringBeanFactoryPostProcessor : No bean named 'errorChannel' has been explicitly defined. Therefore, a default PublishSubscribeChannel will be created.
2020-01-15 16:26:50.416  INFO 5729 --- [main] faultConfiguringBeanFactoryPostProcessor : No bean named 'integrationHeaderChannelRegistry' has been explicitly defined. Therefore, a default DefaultHeaderChannelRegistry will be created.
2020-01-15 16:26:50.466  INFO 5729 --- [main] trationDelegate$BeanPostProcessorChecker : Bean 'org.springframework.integration.config.IntegrationManagementConfiguration' of type [org.springframework.integration.config.IntegrationManagementConfiguration] is not eligible for getting processed by all BeanPostProcessors (for example: not eligible for auto-proxying)
2020-01-15 16:26:50.474  INFO 5729 --- [main] trationDelegate$BeanPostProcessorChecker : Bean 'integrationChannelResolver' of type [org.springframework.integration.support.channel.BeanFactoryChannelResolver] is not eligible for getting processed by all BeanPostProcessors (for example: not eligible for auto-proxying)
2020-01-15 16:26:50.475  INFO 5729 --- [main] trationDelegate$BeanPostProcessorChecker : Bean 'integrationDisposableAutoCreatedBeans' of type [org.springframework.integration.config.annotation.Disposables] is not eligible for getting processed by all BeanPostProcessors (for example: not eligible for auto-proxying)
2020-01-15 16:26:50.576  INFO 5729 --- [main] o.s.s.c.ThreadPoolTaskScheduler          : Initializing ExecutorService 'taskScheduler'
2020-01-15 16:26:50.893  INFO 5729 --- [main] o.s.i.endpoint.EventDrivenConsumer       : Adding {logging-channel-adapter:_org.springframework.integration.errorLogger} as a subscriber to the 'errorChannel' channel
2020-01-15 16:26:50.893  INFO 5729 --- [main] o.s.i.channel.PublishSubscribeChannel    : Channel 'application.errorChannel' has 1 subscriber(s).
2020-01-15 16:26:50.893  INFO 5729 --- [main] o.s.i.endpoint.EventDrivenConsumer       : started bean '_org.springframework.integration.errorLogger'
2020-01-15 16:26:50.893  INFO 5729 --- [main] o.s.i.endpoint.EventDrivenConsumer       : Adding {message-handler:mqttClientConfig.mqttOutbound.serviceActivator} as a subscriber to the 'mqttOutboundChannel' channel
2020-01-15 16:26:50.893  INFO 5729 --- [main] o.s.integration.channel.DirectChannel    : Channel 'application.mqttOutboundChannel' has 1 subscriber(s).
2020-01-15 16:26:50.893  INFO 5729 --- [main] o.s.i.endpoint.EventDrivenConsumer       : started bean 'mqttClientConfig.mqttOutbound.serviceActivator'
2020-01-15 16:26:50.893  INFO 5729 --- [main] ProxyFactoryBean$MethodInvocationGateway : started bean 'mqttGateway'
2020-01-15 16:26:50.893  INFO 5729 --- [main] o.s.i.gateway.GatewayProxyFactoryBean    : started bean 'mqttGateway'
2020-01-15 16:26:50.905  INFO 5729 --- [main] c.w.s.SendThirdPlatformApplication       : Started SendThirdPlatformApplication in 1.513 seconds (JVM running for 2.189)
2020-01-15 16:26:51.071  INFO 5729 --- [main] ConditionEvaluationReportLoggingListener : 

Error starting ApplicationContext. To display the conditions report re-run your application with 'debug' enabled.
2020-01-15 16:26:51.083 ERROR 5729 --- [main] o.s.boot.SpringApplication               : Application run failed

java.lang.IllegalStateException: Failed to execute ApplicationRunner
	at org.springframework.boot.SpringApplication.callRunner(SpringApplication.java:778) [spring-boot-2.2.1.RELEASE.jar:2.2.1.RELEASE]
	at org.springframework.boot.SpringApplication.callRunners(SpringApplication.java:765) [spring-boot-2.2.1.RELEASE.jar:2.2.1.RELEASE]
	at org.springframework.boot.SpringApplication.run(SpringApplication.java:322) [spring-boot-2.2.1.RELEASE.jar:2.2.1.RELEASE]
	at org.springframework.boot.SpringApplication.run(SpringApplication.java:1226) [spring-boot-2.2.1.RELEASE.jar:2.2.1.RELEASE]
	at org.springframework.boot.SpringApplication.run(SpringApplication.java:1215) [spring-boot-2.2.1.RELEASE.jar:2.2.1.RELEASE]
	at com.whxph.sendthirdplatform.SendThirdPlatformApplication.main(SendThirdPlatformApplication.java:59) [classes/:na]
Caused by: java.lang.NullPointerException: null
	at com.whxph.sendthirdplatform.henan.UpdateStandrdData.updateStandrdData(UpdateStandrdData.java:28) ~[classes/:na]
	at com.whxph.sendthirdplatform.SendThirdPlatformApplication.run(SendThirdPlatformApplication.java:68) [classes/:na]
	at org.springframework.boot.SpringApplication.callRunner(SpringApplication.java:775) [spring-boot-2.2.1.RELEASE.jar:2.2.1.RELEASE]
	... 5 common frames omitted

2020-01-15 16:26:51.085  INFO 5729 --- [main] ProxyFactoryBean$MethodInvocationGateway : stopped bean 'mqttGateway'
2020-01-15 16:26:51.085  INFO 5729 --- [main] o.s.i.gateway.GatewayProxyFactoryBean    : stopped bean 'mqttGateway'
2020-01-15 16:26:51.085  INFO 5729 --- [main] o.s.i.endpoint.EventDrivenConsumer       : Removing {logging-channel-adapter:_org.springframework.integration.errorLogger} as a subscriber to the 'errorChannel' channel
2020-01-15 16:26:51.085  INFO 5729 --- [main] o.s.i.channel.PublishSubscribeChannel    : Channel 'application.errorChannel' has 0 subscriber(s).
2020-01-15 16:26:51.086  INFO 5729 --- [main] o.s.i.endpoint.EventDrivenConsumer       : stopped bean '_org.springframework.integration.errorLogger'
2020-01-15 16:26:51.086  INFO 5729 --- [main] o.s.i.endpoint.EventDrivenConsumer       : Removing {message-handler:mqttClientConfig.mqttOutbound.serviceActivator} as a subscriber to the 'mqttOutboundChannel' channel
2020-01-15 16:26:51.086  INFO 5729 --- [main] o.s.integration.channel.DirectChannel    : Channel 'application.mqttOutboundChannel' has 0 subscriber(s).
2020-01-15 16:26:51.086  INFO 5729 --- [main] o.s.i.endpoint.EventDrivenConsumer       : stopped bean 'mqttClientConfig.mqttOutbound.serviceActivator'
2020-01-15 16:26:51.087  INFO 5729 --- [main] o.s.s.c.ThreadPoolTaskScheduler          : Shutting down ExecutorService 'taskScheduler'
2020-01-15 16:27:23.121  INFO 5731 --- [main] c.w.s.SendThirdPlatformApplication       : Starting SendThirdPlatformApplication on liujundeMacBook-Pro.local with PID 5731 (/Users/liujun/code/java/send-third-platform/target/classes started by liujun in /Users/liujun/code/java/send-third-platform)
2020-01-15 16:27:23.123  INFO 5731 --- [main] c.w.s.SendThirdPlatformApplication       : No active profile set, falling back to default profiles: default
2020-01-15 16:27:23.685  INFO 5731 --- [main] faultConfiguringBeanFactoryPostProcessor : No bean named 'errorChannel' has been explicitly defined. Therefore, a default PublishSubscribeChannel will be created.
2020-01-15 16:27:23.698  INFO 5731 --- [main] faultConfiguringBeanFactoryPostProcessor : No bean named 'integrationHeaderChannelRegistry' has been explicitly defined. Therefore, a default DefaultHeaderChannelRegistry will be created.
2020-01-15 16:27:23.744  INFO 5731 --- [main] trationDelegate$BeanPostProcessorChecker : Bean 'org.springframework.integration.config.IntegrationManagementConfiguration' of type [org.springframework.integration.config.IntegrationManagementConfiguration] is not eligible for getting processed by all BeanPostProcessors (for example: not eligible for auto-proxying)
2020-01-15 16:27:23.753  INFO 5731 --- [main] trationDelegate$BeanPostProcessorChecker : Bean 'integrationChannelResolver' of type [org.springframework.integration.support.channel.BeanFactoryChannelResolver] is not eligible for getting processed by all BeanPostProcessors (for example: not eligible for auto-proxying)
2020-01-15 16:27:23.754  INFO 5731 --- [main] trationDelegate$BeanPostProcessorChecker : Bean 'integrationDisposableAutoCreatedBeans' of type [org.springframework.integration.config.annotation.Disposables] is not eligible for getting processed by all BeanPostProcessors (for example: not eligible for auto-proxying)
2020-01-15 16:27:23.868  INFO 5731 --- [main] o.s.s.c.ThreadPoolTaskScheduler          : Initializing ExecutorService 'taskScheduler'
2020-01-15 16:27:24.182  INFO 5731 --- [main] o.s.i.endpoint.EventDrivenConsumer       : Adding {logging-channel-adapter:_org.springframework.integration.errorLogger} as a subscriber to the 'errorChannel' channel
2020-01-15 16:27:24.182  INFO 5731 --- [main] o.s.i.channel.PublishSubscribeChannel    : Channel 'application.errorChannel' has 1 subscriber(s).
2020-01-15 16:27:24.182  INFO 5731 --- [main] o.s.i.endpoint.EventDrivenConsumer       : started bean '_org.springframework.integration.errorLogger'
2020-01-15 16:27:24.182  INFO 5731 --- [main] o.s.i.endpoint.EventDrivenConsumer       : Adding {message-handler:mqttClientConfig.mqttOutbound.serviceActivator} as a subscriber to the 'mqttOutboundChannel' channel
2020-01-15 16:27:24.182  INFO 5731 --- [main] o.s.integration.channel.DirectChannel    : Channel 'application.mqttOutboundChannel' has 1 subscriber(s).
2020-01-15 16:27:24.182  INFO 5731 --- [main] o.s.i.endpoint.EventDrivenConsumer       : started bean 'mqttClientConfig.mqttOutbound.serviceActivator'
2020-01-15 16:27:24.182  INFO 5731 --- [main] ProxyFactoryBean$MethodInvocationGateway : started bean 'mqttGateway'
2020-01-15 16:27:24.183  INFO 5731 --- [main] o.s.i.gateway.GatewayProxyFactoryBean    : started bean 'mqttGateway'
2020-01-15 16:27:24.196  INFO 5731 --- [main] c.w.s.SendThirdPlatformApplication       : Started SendThirdPlatformApplication in 1.376 seconds (JVM running for 2.114)
2020-01-15 16:27:24.368  INFO 5731 --- [main] ConditionEvaluationReportLoggingListener : 

Error starting ApplicationContext. To display the conditions report re-run your application with 'debug' enabled.
2020-01-15 16:27:24.378 ERROR 5731 --- [main] o.s.boot.SpringApplication               : Application run failed

java.lang.IllegalStateException: Failed to execute ApplicationRunner
	at org.springframework.boot.SpringApplication.callRunner(SpringApplication.java:778) [spring-boot-2.2.1.RELEASE.jar:2.2.1.RELEASE]
	at org.springframework.boot.SpringApplication.callRunners(SpringApplication.java:765) [spring-boot-2.2.1.RELEASE.jar:2.2.1.RELEASE]
	at org.springframework.boot.SpringApplication.run(SpringApplication.java:322) [spring-boot-2.2.1.RELEASE.jar:2.2.1.RELEASE]
	at org.springframework.boot.SpringApplication.run(SpringApplication.java:1226) [spring-boot-2.2.1.RELEASE.jar:2.2.1.RELEASE]
	at org.springframework.boot.SpringApplication.run(SpringApplication.java:1215) [spring-boot-2.2.1.RELEASE.jar:2.2.1.RELEASE]
	at com.whxph.sendthirdplatform.SendThirdPlatformApplication.main(SendThirdPlatformApplication.java:59) [classes/:na]
Caused by: java.lang.NullPointerException: null
	at com.whxph.sendthirdplatform.henan.UpdateStandrdData.updateStandrdData(UpdateStandrdData.java:28) ~[classes/:na]
	at com.whxph.sendthirdplatform.SendThirdPlatformApplication.run(SendThirdPlatformApplication.java:68) [classes/:na]
	at org.springframework.boot.SpringApplication.callRunner(SpringApplication.java:775) [spring-boot-2.2.1.RELEASE.jar:2.2.1.RELEASE]
	... 5 common frames omitted

2020-01-15 16:27:24.380  INFO 5731 --- [main] ProxyFactoryBean$MethodInvocationGateway : stopped bean 'mqttGateway'
2020-01-15 16:27:24.380  INFO 5731 --- [main] o.s.i.gateway.GatewayProxyFactoryBean    : stopped bean 'mqttGateway'
2020-01-15 16:27:24.380  INFO 5731 --- [main] o.s.i.endpoint.EventDrivenConsumer       : Removing {logging-channel-adapter:_org.springframework.integration.errorLogger} as a subscriber to the 'errorChannel' channel
2020-01-15 16:27:24.380  INFO 5731 --- [main] o.s.i.channel.PublishSubscribeChannel    : Channel 'application.errorChannel' has 0 subscriber(s).
2020-01-15 16:27:24.380  INFO 5731 --- [main] o.s.i.endpoint.EventDrivenConsumer       : stopped bean '_org.springframework.integration.errorLogger'
2020-01-15 16:27:24.380  INFO 5731 --- [main] o.s.i.endpoint.EventDrivenConsumer       : Removing {message-handler:mqttClientConfig.mqttOutbound.serviceActivator} as a subscriber to the 'mqttOutboundChannel' channel
2020-01-15 16:27:24.381  INFO 5731 --- [main] o.s.integration.channel.DirectChannel    : Channel 'application.mqttOutboundChannel' has 0 subscriber(s).
2020-01-15 16:27:24.381  INFO 5731 --- [main] o.s.i.endpoint.EventDrivenConsumer       : stopped bean 'mqttClientConfig.mqttOutbound.serviceActivator'
2020-01-15 16:27:24.383  INFO 5731 --- [main] o.s.s.c.ThreadPoolTaskScheduler          : Shutting down ExecutorService 'taskScheduler'
2020-01-15 16:28:03.564  INFO 5733 --- [main] c.w.s.SendThirdPlatformApplication       : Starting SendThirdPlatformApplication on liujundeMacBook-Pro.local with PID 5733 (/Users/liujun/code/java/send-third-platform/target/classes started by liujun in /Users/liujun/code/java/send-third-platform)
2020-01-15 16:28:03.566  INFO 5733 --- [main] c.w.s.SendThirdPlatformApplication       : No active profile set, falling back to default profiles: default
2020-01-15 16:28:04.122  INFO 5733 --- [main] faultConfiguringBeanFactoryPostProcessor : No bean named 'errorChannel' has been explicitly defined. Therefore, a default PublishSubscribeChannel will be created.
2020-01-15 16:28:04.133  INFO 5733 --- [main] faultConfiguringBeanFactoryPostProcessor : No bean named 'integrationHeaderChannelRegistry' has been explicitly defined. Therefore, a default DefaultHeaderChannelRegistry will be created.
2020-01-15 16:28:04.185  INFO 5733 --- [main] trationDelegate$BeanPostProcessorChecker : Bean 'org.springframework.integration.config.IntegrationManagementConfiguration' of type [org.springframework.integration.config.IntegrationManagementConfiguration] is not eligible for getting processed by all BeanPostProcessors (for example: not eligible for auto-proxying)
2020-01-15 16:28:04.199  INFO 5733 --- [main] trationDelegate$BeanPostProcessorChecker : Bean 'integrationChannelResolver' of type [org.springframework.integration.support.channel.BeanFactoryChannelResolver] is not eligible for getting processed by all BeanPostProcessors (for example: not eligible for auto-proxying)
2020-01-15 16:28:04.203  INFO 5733 --- [main] trationDelegate$BeanPostProcessorChecker : Bean 'integrationDisposableAutoCreatedBeans' of type [org.springframework.integration.config.annotation.Disposables] is not eligible for getting processed by all BeanPostProcessors (for example: not eligible for auto-proxying)
2020-01-15 16:28:04.318  INFO 5733 --- [main] o.s.s.c.ThreadPoolTaskScheduler          : Initializing ExecutorService 'taskScheduler'
2020-01-15 16:28:04.634  INFO 5733 --- [main] o.s.i.endpoint.EventDrivenConsumer       : Adding {logging-channel-adapter:_org.springframework.integration.errorLogger} as a subscriber to the 'errorChannel' channel
2020-01-15 16:28:04.635  INFO 5733 --- [main] o.s.i.channel.PublishSubscribeChannel    : Channel 'application.errorChannel' has 1 subscriber(s).
2020-01-15 16:28:04.635  INFO 5733 --- [main] o.s.i.endpoint.EventDrivenConsumer       : started bean '_org.springframework.integration.errorLogger'
2020-01-15 16:28:04.635  INFO 5733 --- [main] o.s.i.endpoint.EventDrivenConsumer       : Adding {message-handler:mqttClientConfig.mqttOutbound.serviceActivator} as a subscriber to the 'mqttOutboundChannel' channel
2020-01-15 16:28:04.635  INFO 5733 --- [main] o.s.integration.channel.DirectChannel    : Channel 'application.mqttOutboundChannel' has 1 subscriber(s).
2020-01-15 16:28:04.635  INFO 5733 --- [main] o.s.i.endpoint.EventDrivenConsumer       : started bean 'mqttClientConfig.mqttOutbound.serviceActivator'
2020-01-15 16:28:04.635  INFO 5733 --- [main] ProxyFactoryBean$MethodInvocationGateway : started bean 'mqttGateway'
2020-01-15 16:28:04.635  INFO 5733 --- [main] o.s.i.gateway.GatewayProxyFactoryBean    : started bean 'mqttGateway'
2020-01-15 16:28:04.647  INFO 5733 --- [main] c.w.s.SendThirdPlatformApplication       : Started SendThirdPlatformApplication in 1.417 seconds (JVM running for 2.182)
2020-01-15 16:28:33.033  INFO 5733 --- [main] ConditionEvaluationReportLoggingListener : 

Error starting ApplicationContext. To display the conditions report re-run your application with 'debug' enabled.
2020-01-15 16:28:33.047 ERROR 5733 --- [main] o.s.boot.SpringApplication               : Application run failed

java.lang.IllegalStateException: Failed to execute ApplicationRunner
	at org.springframework.boot.SpringApplication.callRunner(SpringApplication.java:778) [spring-boot-2.2.1.RELEASE.jar:2.2.1.RELEASE]
	at org.springframework.boot.SpringApplication.callRunners(SpringApplication.java:765) [spring-boot-2.2.1.RELEASE.jar:2.2.1.RELEASE]
	at org.springframework.boot.SpringApplication.run(SpringApplication.java:322) [spring-boot-2.2.1.RELEASE.jar:2.2.1.RELEASE]
	at org.springframework.boot.SpringApplication.run(SpringApplication.java:1226) [spring-boot-2.2.1.RELEASE.jar:2.2.1.RELEASE]
	at org.springframework.boot.SpringApplication.run(SpringApplication.java:1215) [spring-boot-2.2.1.RELEASE.jar:2.2.1.RELEASE]
	at com.whxph.sendthirdplatform.SendThirdPlatformApplication.main(SendThirdPlatformApplication.java:59) [classes/:na]
Caused by: java.lang.NullPointerException: null
	at com.whxph.sendthirdplatform.henan.UpdateStandrdData.updateStandrdData(UpdateStandrdData.java:28) ~[classes/:na]
	at com.whxph.sendthirdplatform.SendThirdPlatformApplication.run(SendThirdPlatformApplication.java:68) [classes/:na]
	at org.springframework.boot.SpringApplication.callRunner(SpringApplication.java:775) [spring-boot-2.2.1.RELEASE.jar:2.2.1.RELEASE]
	... 5 common frames omitted

2020-01-15 16:28:33.050  INFO 5733 --- [main] ProxyFactoryBean$MethodInvocationGateway : stopped bean 'mqttGateway'
2020-01-15 16:28:33.050  INFO 5733 --- [main] o.s.i.gateway.GatewayProxyFactoryBean    : stopped bean 'mqttGateway'
2020-01-15 16:28:33.050  INFO 5733 --- [main] o.s.i.endpoint.EventDrivenConsumer       : Removing {logging-channel-adapter:_org.springframework.integration.errorLogger} as a subscriber to the 'errorChannel' channel
2020-01-15 16:28:33.050  INFO 5733 --- [main] o.s.i.channel.PublishSubscribeChannel    : Channel 'application.errorChannel' has 0 subscriber(s).
2020-01-15 16:28:33.050  INFO 5733 --- [main] o.s.i.endpoint.EventDrivenConsumer       : stopped bean '_org.springframework.integration.errorLogger'
2020-01-15 16:28:33.050  INFO 5733 --- [main] o.s.i.endpoint.EventDrivenConsumer       : Removing {message-handler:mqttClientConfig.mqttOutbound.serviceActivator} as a subscriber to the 'mqttOutboundChannel' channel
2020-01-15 16:28:33.050  INFO 5733 --- [main] o.s.integration.channel.DirectChannel    : Channel 'application.mqttOutboundChannel' has 0 subscriber(s).
2020-01-15 16:28:33.050  INFO 5733 --- [main] o.s.i.endpoint.EventDrivenConsumer       : stopped bean 'mqttClientConfig.mqttOutbound.serviceActivator'
2020-01-15 16:28:33.053  INFO 5733 --- [main] o.s.s.c.ThreadPoolTaskScheduler          : Shutting down ExecutorService 'taskScheduler'
2020-01-15 16:28:36.281  INFO 5736 --- [main] c.w.s.SendThirdPlatformApplication       : Starting SendThirdPlatformApplication on liujundeMacBook-Pro.local with PID 5736 (/Users/liujun/code/java/send-third-platform/target/classes started by liujun in /Users/liujun/code/java/send-third-platform)
2020-01-15 16:28:36.288  INFO 5736 --- [main] c.w.s.SendThirdPlatformApplication       : No active profile set, falling back to default profiles: default
2020-01-15 16:28:36.997  INFO 5736 --- [main] faultConfiguringBeanFactoryPostProcessor : No bean named 'errorChannel' has been explicitly defined. Therefore, a default PublishSubscribeChannel will be created.
2020-01-15 16:28:37.007  INFO 5736 --- [main] faultConfiguringBeanFactoryPostProcessor : No bean named 'integrationHeaderChannelRegistry' has been explicitly defined. Therefore, a default DefaultHeaderChannelRegistry will be created.
2020-01-15 16:28:37.054  INFO 5736 --- [main] trationDelegate$BeanPostProcessorChecker : Bean 'org.springframework.integration.config.IntegrationManagementConfiguration' of type [org.springframework.integration.config.IntegrationManagementConfiguration] is not eligible for getting processed by all BeanPostProcessors (for example: not eligible for auto-proxying)
2020-01-15 16:28:37.062  INFO 5736 --- [main] trationDelegate$BeanPostProcessorChecker : Bean 'integrationChannelResolver' of type [org.springframework.integration.support.channel.BeanFactoryChannelResolver] is not eligible for getting processed by all BeanPostProcessors (for example: not eligible for auto-proxying)
2020-01-15 16:28:37.063  INFO 5736 --- [main] trationDelegate$BeanPostProcessorChecker : Bean 'integrationDisposableAutoCreatedBeans' of type [org.springframework.integration.config.annotation.Disposables] is not eligible for getting processed by all BeanPostProcessors (for example: not eligible for auto-proxying)
2020-01-15 16:28:37.170  INFO 5736 --- [main] o.s.s.c.ThreadPoolTaskScheduler          : Initializing ExecutorService 'taskScheduler'
2020-01-15 16:28:37.480  INFO 5736 --- [main] o.s.i.endpoint.EventDrivenConsumer       : Adding {logging-channel-adapter:_org.springframework.integration.errorLogger} as a subscriber to the 'errorChannel' channel
2020-01-15 16:28:37.481  INFO 5736 --- [main] o.s.i.channel.PublishSubscribeChannel    : Channel 'application.errorChannel' has 1 subscriber(s).
2020-01-15 16:28:37.481  INFO 5736 --- [main] o.s.i.endpoint.EventDrivenConsumer       : started bean '_org.springframework.integration.errorLogger'
2020-01-15 16:28:37.481  INFO 5736 --- [main] o.s.i.endpoint.EventDrivenConsumer       : Adding {message-handler:mqttClientConfig.mqttOutbound.serviceActivator} as a subscriber to the 'mqttOutboundChannel' channel
2020-01-15 16:28:37.481  INFO 5736 --- [main] o.s.integration.channel.DirectChannel    : Channel 'application.mqttOutboundChannel' has 1 subscriber(s).
2020-01-15 16:28:37.481  INFO 5736 --- [main] o.s.i.endpoint.EventDrivenConsumer       : started bean 'mqttClientConfig.mqttOutbound.serviceActivator'
2020-01-15 16:28:37.481  INFO 5736 --- [main] ProxyFactoryBean$MethodInvocationGateway : started bean 'mqttGateway'
2020-01-15 16:28:37.481  INFO 5736 --- [main] o.s.i.gateway.GatewayProxyFactoryBean    : started bean 'mqttGateway'
2020-01-15 16:28:37.493  INFO 5736 --- [main] c.w.s.SendThirdPlatformApplication       : Started SendThirdPlatformApplication in 2.427 seconds (JVM running for 3.487)
2020-01-15 16:29:20.989  INFO 5736 --- [main] ConditionEvaluationReportLoggingListener : 

Error starting ApplicationContext. To display the conditions report re-run your application with 'debug' enabled.
2020-01-15 16:29:21.000 ERROR 5736 --- [main] o.s.boot.SpringApplication               : Application run failed

java.lang.IllegalStateException: Failed to execute ApplicationRunner
	at org.springframework.boot.SpringApplication.callRunner(SpringApplication.java:778) [spring-boot-2.2.1.RELEASE.jar:2.2.1.RELEASE]
	at org.springframework.boot.SpringApplication.callRunners(SpringApplication.java:765) [spring-boot-2.2.1.RELEASE.jar:2.2.1.RELEASE]
	at org.springframework.boot.SpringApplication.run(SpringApplication.java:322) [spring-boot-2.2.1.RELEASE.jar:2.2.1.RELEASE]
	at org.springframework.boot.SpringApplication.run(SpringApplication.java:1226) [spring-boot-2.2.1.RELEASE.jar:2.2.1.RELEASE]
	at org.springframework.boot.SpringApplication.run(SpringApplication.java:1215) [spring-boot-2.2.1.RELEASE.jar:2.2.1.RELEASE]
	at com.whxph.sendthirdplatform.SendThirdPlatformApplication.main(SendThirdPlatformApplication.java:59) [classes/:na]
Caused by: java.lang.NullPointerException: null
	at com.whxph.sendthirdplatform.henan.UpdateStandrdData.updateStandrdData(UpdateStandrdData.java:28) ~[classes/:na]
	at com.whxph.sendthirdplatform.SendThirdPlatformApplication.run(SendThirdPlatformApplication.java:68) [classes/:na]
	at org.springframework.boot.SpringApplication.callRunner(SpringApplication.java:775) [spring-boot-2.2.1.RELEASE.jar:2.2.1.RELEASE]
	... 5 common frames omitted

2020-01-15 16:29:21.003  INFO 5736 --- [main] ProxyFactoryBean$MethodInvocationGateway : stopped bean 'mqttGateway'
2020-01-15 16:29:21.003  INFO 5736 --- [main] o.s.i.gateway.GatewayProxyFactoryBean    : stopped bean 'mqttGateway'
2020-01-15 16:29:21.003  INFO 5736 --- [main] o.s.i.endpoint.EventDrivenConsumer       : Removing {logging-channel-adapter:_org.springframework.integration.errorLogger} as a subscriber to the 'errorChannel' channel
2020-01-15 16:29:21.003  INFO 5736 --- [main] o.s.i.channel.PublishSubscribeChannel    : Channel 'application.errorChannel' has 0 subscriber(s).
2020-01-15 16:29:21.003  INFO 5736 --- [main] o.s.i.endpoint.EventDrivenConsumer       : stopped bean '_org.springframework.integration.errorLogger'
2020-01-15 16:29:21.003  INFO 5736 --- [main] o.s.i.endpoint.EventDrivenConsumer       : Removing {message-handler:mqttClientConfig.mqttOutbound.serviceActivator} as a subscriber to the 'mqttOutboundChannel' channel
2020-01-15 16:29:21.003  INFO 5736 --- [main] o.s.integration.channel.DirectChannel    : Channel 'application.mqttOutboundChannel' has 0 subscriber(s).
2020-01-15 16:29:21.003  INFO 5736 --- [main] o.s.i.endpoint.EventDrivenConsumer       : stopped bean 'mqttClientConfig.mqttOutbound.serviceActivator'
2020-01-15 16:29:21.005  INFO 5736 --- [main] o.s.s.c.ThreadPoolTaskScheduler          : Shutting down ExecutorService 'taskScheduler'
2020-01-15 16:29:25.235  INFO 5739 --- [main] c.w.s.SendThirdPlatformApplication       : Starting SendThirdPlatformApplication on liujundeMacBook-Pro.local with PID 5739 (/Users/liujun/code/java/send-third-platform/target/classes started by liujun in /Users/liujun/code/java/send-third-platform)
2020-01-15 16:29:25.237  INFO 5739 --- [main] c.w.s.SendThirdPlatformApplication       : No active profile set, falling back to default profiles: default
2020-01-15 16:29:25.768  INFO 5739 --- [main] faultConfiguringBeanFactoryPostProcessor : No bean named 'errorChannel' has been explicitly defined. Therefore, a default PublishSubscribeChannel will be created.
2020-01-15 16:29:25.780  INFO 5739 --- [main] faultConfiguringBeanFactoryPostProcessor : No bean named 'integrationHeaderChannelRegistry' has been explicitly defined. Therefore, a default DefaultHeaderChannelRegistry will be created.
2020-01-15 16:29:25.824  INFO 5739 --- [main] trationDelegate$BeanPostProcessorChecker : Bean 'org.springframework.integration.config.IntegrationManagementConfiguration' of type [org.springframework.integration.config.IntegrationManagementConfiguration] is not eligible for getting processed by all BeanPostProcessors (for example: not eligible for auto-proxying)
2020-01-15 16:29:25.832  INFO 5739 --- [main] trationDelegate$BeanPostProcessorChecker : Bean 'integrationChannelResolver' of type [org.springframework.integration.support.channel.BeanFactoryChannelResolver] is not eligible for getting processed by all BeanPostProcessors (for example: not eligible for auto-proxying)
2020-01-15 16:29:25.833  INFO 5739 --- [main] trationDelegate$BeanPostProcessorChecker : Bean 'integrationDisposableAutoCreatedBeans' of type [org.springframework.integration.config.annotation.Disposables] is not eligible for getting processed by all BeanPostProcessors (for example: not eligible for auto-proxying)
2020-01-15 16:29:25.961  INFO 5739 --- [main] o.s.s.c.ThreadPoolTaskScheduler          : Initializing ExecutorService 'taskScheduler'
2020-01-15 16:29:26.267  INFO 5739 --- [main] o.s.i.endpoint.EventDrivenConsumer       : Adding {logging-channel-adapter:_org.springframework.integration.errorLogger} as a subscriber to the 'errorChannel' channel
2020-01-15 16:29:26.267  INFO 5739 --- [main] o.s.i.channel.PublishSubscribeChannel    : Channel 'application.errorChannel' has 1 subscriber(s).
2020-01-15 16:29:26.267  INFO 5739 --- [main] o.s.i.endpoint.EventDrivenConsumer       : started bean '_org.springframework.integration.errorLogger'
2020-01-15 16:29:26.267  INFO 5739 --- [main] o.s.i.endpoint.EventDrivenConsumer       : Adding {message-handler:mqttClientConfig.mqttOutbound.serviceActivator} as a subscriber to the 'mqttOutboundChannel' channel
2020-01-15 16:29:26.267  INFO 5739 --- [main] o.s.integration.channel.DirectChannel    : Channel 'application.mqttOutboundChannel' has 1 subscriber(s).
2020-01-15 16:29:26.268  INFO 5739 --- [main] o.s.i.endpoint.EventDrivenConsumer       : started bean 'mqttClientConfig.mqttOutbound.serviceActivator'
2020-01-15 16:29:26.268  INFO 5739 --- [main] ProxyFactoryBean$MethodInvocationGateway : started bean 'mqttGateway'
2020-01-15 16:29:26.268  INFO 5739 --- [main] o.s.i.gateway.GatewayProxyFactoryBean    : started bean 'mqttGateway'
2020-01-15 16:29:26.279  INFO 5739 --- [main] c.w.s.SendThirdPlatformApplication       : Started SendThirdPlatformApplication in 1.349 seconds (JVM running for 2.115)
2020-01-15 16:30:19.816  INFO 5739 --- [SpringContextShutdownHook] ProxyFactoryBean$MethodInvocationGateway : stopped bean 'mqttGateway'
2020-01-15 16:30:19.817  INFO 5739 --- [SpringContextShutdownHook] o.s.i.gateway.GatewayProxyFactoryBean    : stopped bean 'mqttGateway'
2020-01-15 16:30:19.819  INFO 5739 --- [SpringContextShutdownHook] o.s.i.endpoint.EventDrivenConsumer       : Removing {logging-channel-adapter:_org.springframework.integration.errorLogger} as a subscriber to the 'errorChannel' channel
2020-01-15 16:30:19.820  INFO 5739 --- [SpringContextShutdownHook] o.s.i.channel.PublishSubscribeChannel    : Channel 'application.errorChannel' has 0 subscriber(s).
2020-01-15 16:30:19.821  INFO 5739 --- [SpringContextShutdownHook] o.s.i.endpoint.EventDrivenConsumer       : stopped bean '_org.springframework.integration.errorLogger'
2020-01-15 16:30:19.822  INFO 5739 --- [SpringContextShutdownHook] o.s.i.endpoint.EventDrivenConsumer       : Removing {message-handler:mqttClientConfig.mqttOutbound.serviceActivator} as a subscriber to the 'mqttOutboundChannel' channel
2020-01-15 16:30:19.822  INFO 5739 --- [SpringContextShutdownHook] o.s.integration.channel.DirectChannel    : Channel 'application.mqttOutboundChannel' has 0 subscriber(s).
2020-01-15 16:30:19.823  INFO 5739 --- [SpringContextShutdownHook] o.s.i.endpoint.EventDrivenConsumer       : stopped bean 'mqttClientConfig.mqttOutbound.serviceActivator'
2020-01-15 16:30:19.830  INFO 5739 --- [SpringContextShutdownHook] o.s.s.c.ThreadPoolTaskScheduler          : Shutting down ExecutorService 'taskScheduler'
2020-01-15 16:30:46.501  INFO 5743 --- [main] c.w.s.SendThirdPlatformApplication       : Starting SendThirdPlatformApplication on liujundeMacBook-Pro.local with PID 5743 (/Users/liujun/code/java/send-third-platform/target/classes started by liujun in /Users/liujun/code/java/send-third-platform)
2020-01-15 16:30:46.504  INFO 5743 --- [main] c.w.s.SendThirdPlatformApplication       : No active profile set, falling back to default profiles: default
2020-01-15 16:30:47.070  INFO 5743 --- [main] faultConfiguringBeanFactoryPostProcessor : No bean named 'errorChannel' has been explicitly defined. Therefore, a default PublishSubscribeChannel will be created.
2020-01-15 16:30:47.079  INFO 5743 --- [main] faultConfiguringBeanFactoryPostProcessor : No bean named 'integrationHeaderChannelRegistry' has been explicitly defined. Therefore, a default DefaultHeaderChannelRegistry will be created.
2020-01-15 16:30:47.126  INFO 5743 --- [main] trationDelegate$BeanPostProcessorChecker : Bean 'org.springframework.integration.config.IntegrationManagementConfiguration' of type [org.springframework.integration.config.IntegrationManagementConfiguration] is not eligible for getting processed by all BeanPostProcessors (for example: not eligible for auto-proxying)
2020-01-15 16:30:47.134  INFO 5743 --- [main] trationDelegate$BeanPostProcessorChecker : Bean 'integrationChannelResolver' of type [org.springframework.integration.support.channel.BeanFactoryChannelResolver] is not eligible for getting processed by all BeanPostProcessors (for example: not eligible for auto-proxying)
2020-01-15 16:30:47.135  INFO 5743 --- [main] trationDelegate$BeanPostProcessorChecker : Bean 'integrationDisposableAutoCreatedBeans' of type [org.springframework.integration.config.annotation.Disposables] is not eligible for getting processed by all BeanPostProcessors (for example: not eligible for auto-proxying)
2020-01-15 16:30:47.293  INFO 5743 --- [main] o.s.s.c.ThreadPoolTaskScheduler          : Initializing ExecutorService 'taskScheduler'
2020-01-15 16:30:47.614  INFO 5743 --- [main] o.s.i.endpoint.EventDrivenConsumer       : Adding {logging-channel-adapter:_org.springframework.integration.errorLogger} as a subscriber to the 'errorChannel' channel
2020-01-15 16:30:47.614  INFO 5743 --- [main] o.s.i.channel.PublishSubscribeChannel    : Channel 'application.errorChannel' has 1 subscriber(s).
2020-01-15 16:30:47.614  INFO 5743 --- [main] o.s.i.endpoint.EventDrivenConsumer       : started bean '_org.springframework.integration.errorLogger'
2020-01-15 16:30:47.614  INFO 5743 --- [main] o.s.i.endpoint.EventDrivenConsumer       : Adding {message-handler:mqttClientConfig.mqttOutbound.serviceActivator} as a subscriber to the 'mqttOutboundChannel' channel
2020-01-15 16:30:47.614  INFO 5743 --- [main] o.s.integration.channel.DirectChannel    : Channel 'application.mqttOutboundChannel' has 1 subscriber(s).
2020-01-15 16:30:47.615  INFO 5743 --- [main] o.s.i.endpoint.EventDrivenConsumer       : started bean 'mqttClientConfig.mqttOutbound.serviceActivator'
2020-01-15 16:30:47.615  INFO 5743 --- [main] ProxyFactoryBean$MethodInvocationGateway : started bean 'mqttGateway'
2020-01-15 16:30:47.615  INFO 5743 --- [main] o.s.i.gateway.GatewayProxyFactoryBean    : started bean 'mqttGateway'
2020-01-15 16:30:47.627  INFO 5743 --- [main] c.w.s.SendThirdPlatformApplication       : Started SendThirdPlatformApplication in 1.423 seconds (JVM running for 2.201)
2020-01-15 16:31:21.975  INFO 5743 --- [SpringContextShutdownHook] ProxyFactoryBean$MethodInvocationGateway : stopped bean 'mqttGateway'
2020-01-15 16:31:21.976  INFO 5743 --- [SpringContextShutdownHook] o.s.i.gateway.GatewayProxyFactoryBean    : stopped bean 'mqttGateway'
2020-01-15 16:31:21.976  INFO 5743 --- [SpringContextShutdownHook] o.s.i.endpoint.EventDrivenConsumer       : Removing {logging-channel-adapter:_org.springframework.integration.errorLogger} as a subscriber to the 'errorChannel' channel
2020-01-15 16:31:21.977  INFO 5743 --- [SpringContextShutdownHook] o.s.i.channel.PublishSubscribeChannel    : Channel 'application.errorChannel' has 0 subscriber(s).
2020-01-15 16:31:21.977  INFO 5743 --- [SpringContextShutdownHook] o.s.i.endpoint.EventDrivenConsumer       : stopped bean '_org.springframework.integration.errorLogger'
2020-01-15 16:31:21.977  INFO 5743 --- [SpringContextShutdownHook] o.s.i.endpoint.EventDrivenConsumer       : Removing {message-handler:mqttClientConfig.mqttOutbound.serviceActivator} as a subscriber to the 'mqttOutboundChannel' channel
2020-01-15 16:31:21.977  INFO 5743 --- [SpringContextShutdownHook] o.s.integration.channel.DirectChannel    : Channel 'application.mqttOutboundChannel' has 0 subscriber(s).
2020-01-15 16:31:21.977  INFO 5743 --- [SpringContextShutdownHook] o.s.i.endpoint.EventDrivenConsumer       : stopped bean 'mqttClientConfig.mqttOutbound.serviceActivator'
2020-01-15 16:31:21.980  INFO 5743 --- [SpringContextShutdownHook] o.s.s.c.ThreadPoolTaskScheduler          : Shutting down ExecutorService 'taskScheduler'
2020-01-15 16:31:26.589  INFO 5751 --- [main] c.w.s.SendThirdPlatformApplication       : Starting SendThirdPlatformApplication on liujundeMacBook-Pro.local with PID 5751 (/Users/liujun/code/java/send-third-platform/target/classes started by liujun in /Users/liujun/code/java/send-third-platform)
2020-01-15 16:31:26.591  INFO 5751 --- [main] c.w.s.SendThirdPlatformApplication       : No active profile set, falling back to default profiles: default
2020-01-15 16:31:27.127  INFO 5751 --- [main] faultConfiguringBeanFactoryPostProcessor : No bean named 'errorChannel' has been explicitly defined. Therefore, a default PublishSubscribeChannel will be created.
2020-01-15 16:31:27.136  INFO 5751 --- [main] faultConfiguringBeanFactoryPostProcessor : No bean named 'integrationHeaderChannelRegistry' has been explicitly defined. Therefore, a default DefaultHeaderChannelRegistry will be created.
2020-01-15 16:31:27.182  INFO 5751 --- [main] trationDelegate$BeanPostProcessorChecker : Bean 'org.springframework.integration.config.IntegrationManagementConfiguration' of type [org.springframework.integration.config.IntegrationManagementConfiguration] is not eligible for getting processed by all BeanPostProcessors (for example: not eligible for auto-proxying)
2020-01-15 16:31:27.190  INFO 5751 --- [main] trationDelegate$BeanPostProcessorChecker : Bean 'integrationChannelResolver' of type [org.springframework.integration.support.channel.BeanFactoryChannelResolver] is not eligible for getting processed by all BeanPostProcessors (for example: not eligible for auto-proxying)
2020-01-15 16:31:27.191  INFO 5751 --- [main] trationDelegate$BeanPostProcessorChecker : Bean 'integrationDisposableAutoCreatedBeans' of type [org.springframework.integration.config.annotation.Disposables] is not eligible for getting processed by all BeanPostProcessors (for example: not eligible for auto-proxying)
2020-01-15 16:31:27.325  INFO 5751 --- [main] o.s.s.c.ThreadPoolTaskScheduler          : Initializing ExecutorService 'taskScheduler'
2020-01-15 16:31:27.641  INFO 5751 --- [main] o.s.i.endpoint.EventDrivenConsumer       : Adding {logging-channel-adapter:_org.springframework.integration.errorLogger} as a subscriber to the 'errorChannel' channel
2020-01-15 16:31:27.641  INFO 5751 --- [main] o.s.i.channel.PublishSubscribeChannel    : Channel 'application.errorChannel' has 1 subscriber(s).
2020-01-15 16:31:27.642  INFO 5751 --- [main] o.s.i.endpoint.EventDrivenConsumer       : started bean '_org.springframework.integration.errorLogger'
2020-01-15 16:31:27.642  INFO 5751 --- [main] o.s.i.endpoint.EventDrivenConsumer       : Adding {message-handler:mqttClientConfig.mqttOutbound.serviceActivator} as a subscriber to the 'mqttOutboundChannel' channel
2020-01-15 16:31:27.642  INFO 5751 --- [main] o.s.integration.channel.DirectChannel    : Channel 'application.mqttOutboundChannel' has 1 subscriber(s).
2020-01-15 16:31:27.642  INFO 5751 --- [main] o.s.i.endpoint.EventDrivenConsumer       : started bean 'mqttClientConfig.mqttOutbound.serviceActivator'
2020-01-15 16:31:27.642  INFO 5751 --- [main] ProxyFactoryBean$MethodInvocationGateway : started bean 'mqttGateway'
2020-01-15 16:31:27.642  INFO 5751 --- [main] o.s.i.gateway.GatewayProxyFactoryBean    : started bean 'mqttGateway'
2020-01-15 16:31:27.654  INFO 5751 --- [main] c.w.s.SendThirdPlatformApplication       : Started SendThirdPlatformApplication in 1.407 seconds (JVM running for 2.123)
2020-01-15 16:32:03.861  INFO 5751 --- [scheduling-1] c.w.sendthirdplatform.henan.Gkgridding   : [16054068]: DevID:16054068|Time:2020-01-15 16:29:13|HUMI:65.40|TEMP:1.50|PRE:1014.10|WINDD:202.00|WINDS:0.00|NOISE:46.50|PM25:0.00|PM10:0.00|TSP:-1|CO:0.05|O3:10.00|SO2:5.10|NO2:38.00|XX1:1|XX2:1|XX3:1
2020-01-15 16:32:03.935  INFO 5751 --- [scheduling-1] c.w.sendthirdplatform.henan.Gkgridding   : {"true":"1"}
2020-01-15 16:32:04.480 ERROR 5751 --- [scheduling-1] c.w.sendthirdplatform.henan.Gkgridding   : 接口请求异常
2020-01-15 16:32:05.023  INFO 5751 --- [scheduling-1] c.w.sendthirdplatform.henan.Gkgridding   : [16054064]: DevID:16054064|Time:2020-01-15 16:32:03|HUMI:57.20|TEMP:1.30|PRE:1014.80|WINDD:224.00|WINDS:1.30|NOISE:57.60|PM25:0.00|PM10:0.00|TSP:-1|CO:0.79|O3:38.00|SO2:17.00|NO2:7.00|XX1:1|XX2:1|XX3:1
2020-01-15 16:32:05.094  INFO 5751 --- [scheduling-1] c.w.sendthirdplatform.henan.Gkgridding   : {"true":"1"}
2020-01-15 16:32:05.641 ERROR 5751 --- [scheduling-1] c.w.sendthirdplatform.henan.Gkgridding   : 接口请求异常
2020-01-15 16:32:06.186  INFO 5751 --- [scheduling-1] c.w.sendthirdplatform.henan.Gkgridding   : [16054065]: DevID:16054065|Time:2020-01-15 16:29:43|HUMI:55.20|TEMP:2.10|PRE:1014.20|WINDD:146.00|WINDS:0.00|NOISE:50.60|PM25:0.00|PM10:0.00|TSP:-1|CO:0.89|O3:27.00|SO2:17.00|NO2:18.00|XX1:1|XX2:1|XX3:1
2020-01-15 16:32:06.322  INFO 5751 --- [scheduling-1] c.w.sendthirdplatform.henan.Gkgridding   : {"true":"1"}
2020-01-15 16:32:06.965 ERROR 5751 --- [scheduling-1] c.w.sendthirdplatform.henan.Gkgridding   : 接口请求异常
2020-01-15 16:32:07.505  INFO 5751 --- [scheduling-1] c.w.sendthirdplatform.henan.Gkgridding   : [16054066]: DevID:16054066|Time:2020-01-15 16:28:58|HUMI:59.10|TEMP:1.80|PRE:1016.50|WINDD:255.00|WINDS:1.20|NOISE:54.10|PM25:134.00|PM10:200.00|TSP:-1|CO:0.66|O3:26.00|SO2:19.00|NO2:34.00|XX1:1|XX2:1|XX3:1
2020-01-15 16:32:07.564  INFO 5751 --- [scheduling-1] c.w.sendthirdplatform.henan.Gkgridding   : {"true":"1"}
2020-01-15 16:32:08.110 ERROR 5751 --- [scheduling-1] c.w.sendthirdplatform.henan.Gkgridding   : 接口请求异常
2020-01-15 16:32:08.657  INFO 5751 --- [scheduling-1] c.w.sendthirdplatform.henan.Gkgridding   : [16054067]: DevID:16054067|Time:2020-01-15 16:30:02|HUMI:34.30|TEMP:2.20|PRE:1015.50|WINDD:179.00|WINDS:0.70|NOISE:57.70|PM25:78.00|PM10:97.00|TSP:-1|CO:1.83|O3:20.00|SO2:18.00|NO2:21.00|XX1:1|XX2:1|XX3:1
2020-01-15 16:32:08.722  INFO 5751 --- [scheduling-1] c.w.sendthirdplatform.henan.Gkgridding   : {"true":"1"}
2020-01-15 16:32:09.266  INFO 5751 --- [scheduling-1] c.w.sendthirdplatform.henan.Gkgridding   : [16054052]: DevID:16054052|Time:2020-01-15 16:30:05|HUMI:34.30|TEMP:2.20|PRE:1014.50|WINDD:197.00|WINDS:0.00|NOISE:47.50|PM25:54.00|PM10:81.00|TSP:-1|CO:1.43|O3:10.00|SO2:24.00|NO2:51.00|XX1:1|XX2:1|XX3:1
2020-01-15 16:32:09.324  INFO 5751 --- [scheduling-1] c.w.sendthirdplatform.henan.Gkgridding   : {"true":"1"}
2020-01-15 16:32:09.866  INFO 5751 --- [scheduling-1] c.w.sendthirdplatform.henan.Gkgridding   : [16054053]: DevID:16054053|Time:2020-01-15 16:30:01|HUMI:0.00|TEMP:2.20|PRE:1015.50|WINDD:311.00|WINDS:0.50|NOISE:49.40|PM25:124.00|PM10:193.00|TSP:-1|CO:0.67|O3:22.00|SO2:18.00|NO2:34.00|XX1:1|XX2:1|XX3:1
2020-01-15 16:32:10.056  INFO 5751 --- [scheduling-1] c.w.sendthirdplatform.henan.Gkgridding   : {"true":"1"}
2020-01-15 16:32:10.603  INFO 5751 --- [scheduling-1] c.w.sendthirdplatform.henan.Gkgridding   : [16054054]: DevID:16054054|Time:2020-01-15 16:31:26|HUMI:34.30|TEMP:2.20|PRE:1013.90|WINDD:179.00|WINDS:0.70|NOISE:57.70|PM25:78.00|PM10:97.00|TSP:-1|CO:0.68|O3:14.00|SO2:17.00|NO2:31.00|XX1:1|XX2:1|XX3:1
2020-01-15 16:32:10.673  INFO 5751 --- [scheduling-1] c.w.sendthirdplatform.henan.Gkgridding   : {"true":"1"}
2020-01-15 16:32:11.217  INFO 5751 --- [scheduling-1] c.w.sendthirdplatform.henan.Gkgridding   : [16054055]: DevID:16054055|Time:2020-01-15 16:28:30|HUMI:34.30|TEMP:2.20|PRE:1015.30|WINDD:277.00|WINDS:1.00|NOISE:51.40|PM25:66.00|PM10:89.00|TSP:-1|CO:1.43|O3:19.00|SO2:17.00|NO2:49.00|XX1:1|XX2:1|XX3:1
2020-01-15 16:32:12.284  INFO 5751 --- [scheduling-1] c.w.sendthirdplatform.henan.Gkgridding   : {"true":"1"}
2020-01-15 16:32:12.829  INFO 5751 --- [scheduling-1] c.w.sendthirdplatform.henan.Gkgridding   : [16054049]: DevID:16054049|Time:2020-01-15 16:31:09|HUMI:0.00|TEMP:0.00|PRE:1015.90|WINDD:179.00|WINDS:0.70|NOISE:57.70|PM25:0.00|PM10:0.00|TSP:-1|CO:0.80|O3:0.60|SO2:24.00|NO2:9.00|XX1:1|XX2:1|XX3:1
2020-01-15 16:32:12.893  INFO 5751 --- [scheduling-1] c.w.sendthirdplatform.henan.Gkgridding   : {"true":"1"}
2020-01-15 16:32:13.435  INFO 5751 --- [scheduling-1] c.w.sendthirdplatform.henan.Gkgridding   : [16054050]: DevID:16054050|Time:2020-01-15 16:30:31|HUMI:34.30|TEMP:2.20|PRE:1016.00|WINDD:60.00|WINDS:1.70|NOISE:57.70|PM25:61.00|PM10:86.00|TSP:-1|CO:1.21|O3:17.00|SO2:21.00|NO2:49.00|XX1:1|XX2:1|XX3:1
2020-01-15 16:32:13.500  INFO 5751 --- [scheduling-1] c.w.sendthirdplatform.henan.Gkgridding   : {"true":"1"}
2020-01-15 16:32:14.049  INFO 5751 --- [scheduling-1] c.w.sendthirdplatform.henan.Gkgridding   : [16054051]: DevID:16054051|Time:2020-01-15 16:28:17|HUMI:0.00|TEMP:2.00|PRE:1013.70|WINDD:241.00|WINDS:0.00|NOISE:38.40|PM25:134.00|PM10:162.00|TSP:-1|CO:0.98|O3:96.00|SO2:14.00|NO2:34.00|XX1:1|XX2:1|XX3:1
2020-01-15 16:32:14.117  INFO 5751 --- [scheduling-1] c.w.sendthirdplatform.henan.Gkgridding   : {"true":"1"}
2020-01-15 16:32:14.662  INFO 5751 --- [scheduling-1] c.w.sendthirdplatform.henan.Gkgridding   : [16054060]: DevID:16054060|Time:2020-01-15 16:30:46|HUMI:59.00|TEMP:2.40|PRE:1014.90|WINDD:128.00|WINDS:0.00|NOISE:45.80|PM25:53.00|PM10:80.00|TSP:-1|CO:1.47|O3:8.00|SO2:19.00|NO2:51.00|XX1:1|XX2:1|XX3:1
2020-01-15 16:32:14.736  INFO 5751 --- [scheduling-1] c.w.sendthirdplatform.henan.Gkgridding   : {"true":"1"}
2020-01-15 16:32:15.281  INFO 5751 --- [scheduling-1] c.w.sendthirdplatform.henan.Gkgridding   : [16054061]: DevID:16054061|Time:2020-01-15 16:12:30|HUMI:64.80|TEMP:1.50|PRE:1015.40|WINDD:183.00|WINDS:0.00|NOISE:55.80|PM25:100.00|PM10:127.00|TSP:-1|CO:1.07|O3:13.00|SO2:13.00|NO2:28.00|XX1:1|XX2:1|XX3:1
2020-01-15 16:32:15.370  INFO 5751 --- [scheduling-1] c.w.sendthirdplatform.henan.Gkgridding   : {"true":"1"}
2020-01-15 16:32:15.918  INFO 5751 --- [scheduling-1] c.w.sendthirdplatform.henan.Gkgridding   : [16054062]: DevID:16054062|Time:2020-01-15 16:31:51|HUMI:63.50|TEMP:1.20|PRE:1015.50|WINDD:281.00|WINDS:1.70|NOISE:48.50|PM25:69.00|PM10:120.00|TSP:-1|CO:0.75|O3:62.00|SO2:3.00|NO2:6.00|XX1:1|XX2:1|XX3:1
2020-01-15 16:32:16.020  INFO 5751 --- [scheduling-1] c.w.sendthirdplatform.henan.Gkgridding   : {"true":"1"}
2020-01-15 16:32:16.564  INFO 5751 --- [scheduling-1] c.w.sendthirdplatform.henan.Gkgridding   : [16054063]: DevID:16054063|Time:2020-01-15 16:09:05|HUMI:64.90|TEMP:1.10|PRE:1016.40|WINDD:259.00|WINDS:1.50|NOISE:47.90|PM25:0.00|PM10:0.00|TSP:-1|CO:0.46|O3:91.00|SO2:17.00|NO2:13.00|XX1:1|XX2:1|XX3:1
2020-01-15 16:32:16.621  INFO 5751 --- [scheduling-1] c.w.sendthirdplatform.henan.Gkgridding   : {"true":"1"}
2020-01-15 16:32:17.165  INFO 5751 --- [scheduling-1] c.w.sendthirdplatform.henan.Gkgridding   : [16054056]: DevID:16054056|Time:2020-01-15 16:31:10|HUMI:0.00|TEMP:2.20|PRE:1015.90|WINDD:117.00|WINDS:2.30|NOISE:47.00|PM25:133.00|PM10:174.00|TSP:-1|CO:0.96|O3:25.00|SO2:16.00|NO2:0.00|XX1:1|XX2:1|XX3:1
2020-01-15 16:32:17.221  INFO 5751 --- [scheduling-1] c.w.sendthirdplatform.henan.Gkgridding   : {"true":"1"}
2020-01-15 16:32:17.775  INFO 5751 --- [scheduling-1] c.w.sendthirdplatform.henan.Gkgridding   : [16054057]: DevID:16054057|Time:2020-01-15 16:30:37|HUMI:66.90|TEMP:2.10|PRE:1016.40|WINDD:55.00|WINDS:0.00|NOISE:48.50|PM25:146.00|PM10:188.00|TSP:-1|CO:0.96|O3:22.00|SO2:11.00|NO2:23.00|XX1:1|XX2:1|XX3:1
2020-01-15 16:32:17.844  INFO 5751 --- [scheduling-1] c.w.sendthirdplatform.henan.Gkgridding   : {"true":"1"}
2020-01-15 16:32:18.389  INFO 5751 --- [scheduling-1] c.w.sendthirdplatform.henan.Gkgridding   : [16054058]: DevID:16054058|Time:2020-01-15 16:31:33|HUMI:19.90|TEMP:2.00|PRE:1015.90|WINDD:354.00|WINDS:0.00|NOISE:42.80|PM25:71.00|PM10:122.00|TSP:-1|CO:0.59|O3:7.00|SO2:0.00|NO2:30.00|XX1:1|XX2:1|XX3:1
2020-01-15 16:32:18.448  INFO 5751 --- [scheduling-1] c.w.sendthirdplatform.henan.Gkgridding   : {"true":"1"}
2020-01-15 16:32:18.997  INFO 5751 --- [scheduling-1] c.w.sendthirdplatform.henan.Gkgridding   : [16054059]: DevID:16054059|Time:2020-01-15 16:31:49|HUMI:58.90|TEMP:1.70|PRE:1016.00|WINDD:139.00|WINDS:0.00|NOISE:47.90|PM25:79.00|PM10:123.00|TSP:-1|CO:1.36|O3:16.00|SO2:15.00|NO2:50.00|XX1:1|XX2:1|XX3:1
2020-01-15 16:32:19.165  INFO 5751 --- [scheduling-1] c.w.sendthirdplatform.henan.Gkgridding   : {"true":"1"}
2020-01-15 16:32:19.708  INFO 5751 --- [scheduling-1] c.w.sendthirdplatform.henan.Gkgridding   : [16054164]: DevID:16054164|Time:2020-01-15 16:29:36|HUMI:31.70|TEMP:2.70|PRE:1016.70|WINDD:0.00|WINDS:0.80|NOISE:57.40|PM25:45.00|PM10:0.00|TSP:-1|CO:0.79|O3:107.00|SO2:28.00|NO2:0.00|XX1:1|XX2:1|XX3:1
2020-01-15 16:32:19.765  INFO 5751 --- [scheduling-1] c.w.sendthirdplatform.henan.Gkgridding   : {"true":"1"}
2020-01-15 16:32:20.311  INFO 5751 --- [scheduling-1] c.w.sendthirdplatform.henan.Gkgridding   : [16054165]: DevID:16054165|Time:2020-01-15 16:32:16|HUMI:68.60|TEMP:1.60|PRE:1016.70|WINDD:179.00|WINDS:0.70|NOISE:57.70|PM25:0.00|PM10:0.00|TSP:-1|CO:0.00|O3:99.00|SO2:42.00|NO2:43.00|XX1:1|XX2:1|XX3:1
2020-01-15 16:32:20.382  INFO 5751 --- [scheduling-1] c.w.sendthirdplatform.henan.Gkgridding   : {"true":"1"}
2020-01-15 16:32:20.927  INFO 5751 --- [scheduling-1] c.w.sendthirdplatform.henan.Gkgridding   : [16054166]: DevID:16054166|Time:2020-01-15 16:30:44|HUMI:30.80|TEMP:1.10|PRE:1016.40|WINDD:113.00|WINDS:1.70|NOISE:0.00|PM25:0.00|PM10:0.00|TSP:-1|CO:1.36|O3:72.00|SO2:24.00|NO2:76.00|XX1:1|XX2:1|XX3:1
2020-01-15 16:32:20.991  INFO 5751 --- [scheduling-1] c.w.sendthirdplatform.henan.Gkgridding   : {"true":"1"}
2020-01-15 16:32:21.538  INFO 5751 --- [scheduling-1] c.w.sendthirdplatform.henan.Gkgridding   : [16054167]: DevID:16054167|Time:2020-01-15 16:31:34|HUMI:34.30|TEMP:2.20|PRE:1015.90|WINDD:198.00|WINDS:0.40|NOISE:46.30|PM25:58.00|PM10:99.00|TSP:-1|CO:0.66|O3:6.00|SO2:35.00|NO2:31.50|XX1:1|XX2:1|XX3:1
2020-01-15 16:32:21.707  INFO 5751 --- [scheduling-1] c.w.sendthirdplatform.henan.Gkgridding   : {"true":"1"}
2020-01-15 16:32:22.251  INFO 5751 --- [scheduling-1] c.w.sendthirdplatform.henan.Gkgridding   : [16054160]: DevID:16054160|Time:2020-01-15 16:30:02|HUMI:34.30|TEMP:2.20|PRE:1015.30|WINDD:5.00|WINDS:0.00|NOISE:53.00|PM25:63.00|PM10:87.00|TSP:-1|CO:3.40|O3:12.00|SO2:22.00|NO2:58.00|XX1:1|XX2:1|XX3:1
2020-01-15 16:32:22.308  INFO 5751 --- [scheduling-1] c.w.sendthirdplatform.henan.Gkgridding   : {"true":"1"}
2020-01-15 16:32:22.851 ERROR 5751 --- [scheduling-1] c.w.sendthirdplatform.henan.Gkgridding   : 接口请求异常
2020-01-15 16:32:23.398  INFO 5751 --- [scheduling-1] c.w.sendthirdplatform.henan.Gkgridding   : [16054162]: DevID:16054162|Time:2020-01-15 16:29:58|HUMI:68.20|TEMP:1.60|PRE:1017.10|WINDD:221.00|WINDS:0.00|NOISE:49.60|PM25:78.00|PM10:121.00|TSP:-1|CO:0.00|O3:3.00|SO2:0.00|NO2:0.00|XX1:1|XX2:1|XX3:1
2020-01-15 16:32:23.468  INFO 5751 --- [scheduling-1] c.w.sendthirdplatform.henan.Gkgridding   : {"true":"1"}
2020-01-15 16:32:24.018  INFO 5751 --- [scheduling-1] c.w.sendthirdplatform.henan.Gkgridding   : [16054163]: DevID:16054163|Time:2020-01-15 16:31:31|HUMI:49.50|TEMP:1.90|PRE:1015.20|WINDD:114.00|WINDS:0.00|NOISE:50.40|PM25:69.00|PM10:106.00|TSP:-1|CO:0.53|O3:0.00|SO2:14.00|NO2:0.60|XX1:1|XX2:1|XX3:1
2020-01-15 16:32:24.082  INFO 5751 --- [scheduling-1] c.w.sendthirdplatform.henan.Gkgridding   : {"true":"1"}
2020-01-15 16:32:24.627  INFO 5751 --- [scheduling-1] c.w.sendthirdplatform.henan.Gkgridding   : [16054172]: DevID:16054172|Time:2020-01-15 16:29:08|HUMI:34.30|TEMP:2.20|PRE:1014.20|WINDD:129.00|WINDS:1.10|NOISE:51.10|PM25:69.00|PM10:106.00|TSP:-1|CO:0.00|O3:5.00|SO2:0.00|NO2:19.00|XX1:1|XX2:1|XX3:1
2020-01-15 16:32:24.685  INFO 5751 --- [scheduling-1] c.w.sendthirdplatform.henan.Gkgridding   : {"true":"1"}
2020-01-15 16:32:25.229  INFO 5751 --- [scheduling-1] c.w.sendthirdplatform.henan.Gkgridding   : [16054168]: DevID:16054168|Time:2020-01-15 16:30:11|HUMI:34.30|TEMP:2.20|PRE:1016.10|WINDD:98.00|WINDS:0.00|NOISE:47.50|PM25:75.00|PM10:110.00|TSP:-1|CO:0.72|O3:0.00|SO2:24.00|NO2:31.00|XX1:1|XX2:1|XX3:1
2020-01-15 16:32:25.291  INFO 5751 --- [scheduling-1] c.w.sendthirdplatform.henan.Gkgridding   : {"true":"1"}
2020-01-15 16:32:25.837  INFO 5751 --- [scheduling-1] c.w.sendthirdplatform.henan.Gkgridding   : [16054169]: DevID:16054169|Time:2020-01-15 16:32:20|HUMI:34.30|TEMP:2.20|PRE:1011.40|WINDD:205.00|WINDS:0.80|NOISE:46.50|PM25:77.00|PM10:96.00|TSP:-1|CO:2.30|O3:37.00|SO2:24.00|NO2:12.00|XX1:1|XX2:1|XX3:1
2020-01-15 16:32:25.894  INFO 5751 --- [scheduling-1] c.w.sendthirdplatform.henan.Gkgridding   : {"true":"1"}
2020-01-15 16:32:26.438  INFO 5751 --- [scheduling-1] c.w.sendthirdplatform.henan.Gkgridding   : [16054170]: DevID:16054170|Time:2020-01-15 16:32:21|HUMI:34.30|TEMP:2.20|PRE:1016.30|WINDD:122.00|WINDS:0.60|NOISE:51.10|PM25:124.00|PM10:193.00|TSP:-1|CO:1.73|O3:28.00|SO2:19.00|NO2:28.00|XX1:1|XX2:1|XX3:1
2020-01-15 16:32:26.501  INFO 5751 --- [scheduling-1] c.w.sendthirdplatform.henan.Gkgridding   : {"true":"1"}
2020-01-15 16:32:27.051 ERROR 5751 --- [scheduling-1] c.w.sendthirdplatform.henan.Gkgridding   : 接口请求异常
2020-01-15 16:32:42.796  INFO 5751 --- [SpringContextShutdownHook] ProxyFactoryBean$MethodInvocationGateway : stopped bean 'mqttGateway'
2020-01-15 16:32:42.797  INFO 5751 --- [SpringContextShutdownHook] o.s.i.gateway.GatewayProxyFactoryBean    : stopped bean 'mqttGateway'
2020-01-15 16:32:42.797  INFO 5751 --- [SpringContextShutdownHook] o.s.i.endpoint.EventDrivenConsumer       : Removing {logging-channel-adapter:_org.springframework.integration.errorLogger} as a subscriber to the 'errorChannel' channel
2020-01-15 16:32:42.797  INFO 5751 --- [SpringContextShutdownHook] o.s.i.channel.PublishSubscribeChannel    : Channel 'application.errorChannel' has 0 subscriber(s).
2020-01-15 16:32:42.797  INFO 5751 --- [SpringContextShutdownHook] o.s.i.endpoint.EventDrivenConsumer       : stopped bean '_org.springframework.integration.errorLogger'
2020-01-15 16:32:42.797  INFO 5751 --- [SpringContextShutdownHook] o.s.i.endpoint.EventDrivenConsumer       : Removing {message-handler:mqttClientConfig.mqttOutbound.serviceActivator} as a subscriber to the 'mqttOutboundChannel' channel
2020-01-15 16:32:42.797  INFO 5751 --- [SpringContextShutdownHook] o.s.integration.channel.DirectChannel    : Channel 'application.mqttOutboundChannel' has 0 subscriber(s).
2020-01-15 16:32:42.797  INFO 5751 --- [SpringContextShutdownHook] o.s.i.endpoint.EventDrivenConsumer       : stopped bean 'mqttClientConfig.mqttOutbound.serviceActivator'
2020-01-15 16:32:42.800  INFO 5751 --- [SpringContextShutdownHook] o.s.s.c.ThreadPoolTaskScheduler          : Shutting down ExecutorService 'taskScheduler'
